2018-11-11 19:21:20,796 WINTER PREDICTOR SCAN
2018-11-11 19:21:56,086 The following countries will be analyzed: ['ARGENTINA' 'AUSTRIA' 'BELARUS' 'BELGIUM' 'ESTONIA' 'FINLAND' 'FRANCE'
 'GERMANY' 'GREECE' 'GREENLAND (DENMARK)' 'HUNGARY' 'ICELAND' 'IRELAND'
 'IRELAND' 'ISRAEL' 'ITALY' 'KENYA' 'LITHUANIA' 'LUXEMBOURG' 'MEXICO'
 'NETHERLANDS' 'NORWAY' 'POLAND' 'PORTUGAL' 'ROMANIA'
 'RUSSIAN FEDERATION (ASIAN SECTOR)' 'RUSSIAN FEDERATION (EUROPEAN SECTOR)'
 'SPAIN' 'SWEDEN' 'SWITZERLAND' 'TURKEY' 'UKRAINE' 'UNITED KINGDOM'
 'UNITED STATES OF AMERICA']
2018-11-11 19:21:56,086 Total number of stations: 3244
2018-11-11 19:22:02,114 Interesting case in RUSSIAN FEDERATION (ASIAN SECTOR) for station BARABINSK with R2=0.599145686409
2018-11-11 19:22:03,083 Interesting case in RUSSIAN FEDERATION (ASIAN SECTOR) for station BARNAUL with R2=0.872893173018
2018-11-11 19:31:40,536 Interesting case in UNITED STATES OF AMERICA for station BELL RANCH with R2=0.757507669129
2018-11-11 19:31:53,568 Interesting case in UNITED STATES OF AMERICA for station FT STOCKTON with R2=0.675348795088
2018-11-11 19:31:58,135 Interesting case in UNITED STATES OF AMERICA for station BELLINGHAM 3 SSW with R2=0.551920743978
2018-11-11 19:32:20,659 Interesting case in UNITED STATES OF AMERICA for station WILMINGTON          USA with R2=0.985586493968
2018-11-11 19:32:31,754 Interesting case in IRELAND for station KILKENNY with R2=0.546321864989
2018-11-11 19:32:37,957 Interesting case in NORWAY for station FOKSTUA II with R2=0.602857320788
2018-11-11 19:32:46,077 Interesting case in SPAIN for station GRANADA/AEROP with R2=0.637411311156
2018-11-11 19:32:57,391 Interesting case in UNITED KINGDOM for station MANCHESTER AI with R2=0.518588087089
2018-11-11 19:32:57,395 Extreme anomaly confirmed in UNITED KINGDOM for station MANCHESTER AI
2018-11-11 19:32:58,076 JOB DONE, 1 cases found
